[debug] [2025-01-10T16:09:57.624Z] ----------------------------------------------------------------------
[debug] [2025-01-10T16:09:57.625Z] Command:       C:\Program Files\nodejs\node.exe C:\Users\kim12\AppData\Roaming\npm\node_modules\firebase-tools\lib\bin\firebase.js init
[debug] [2025-01-10T16:09:57.626Z] CLI Version:   13.29.1
[debug] [2025-01-10T16:09:57.626Z] Platform:      win32
[debug] [2025-01-10T16:09:57.626Z] Node Version:  v20.18.0
[debug] [2025-01-10T16:09:57.626Z] Time:          Sat Jan 11 2025 01:09:57 GMT+0900 (GMT+09:00)
[debug] [2025-01-10T16:09:57.626Z] ----------------------------------------------------------------------
[debug] 
[debug] [2025-01-10T16:09:57.670Z] > command requires scopes: ["email","openid","https://www.googleapis.com/auth/cloudplatformprojects.readonly","https://www.googleapis.com/auth/firebase","https://www.googleapis.com/auth/cloud-platform"]
[debug] [2025-01-10T16:09:57.670Z] > authorizing via signed-in user (kim12795@gmail.com)
[info] 
     ######## #### ########  ######## ########     ###     ######  ########
     ##        ##  ##     ## ##       ##     ##  ##   ##  ##       ##
     ######    ##  ########  ######   ########  #########  ######  ######
     ##        ##  ##    ##  ##       ##     ## ##     ##       ## ##
     ##       #### ##     ## ######## ########  ##     ##  ######  ########

You're about to initialize a Firebase project in this directory:

  C:\Users\kim12\OneDrive\Desktop\villain

Before we get started, keep in mind:

  * You are initializing within an existing Firebase project directory

